{"C:\\Users\\shreenivasa\\Desktop\\InfraScale_Solutions\\InfraScale_Solutions\\backend\\index.js": {"path":"C:\\Users\\shreenivasa\\Desktop\\InfraScale_Solutions\\InfraScale_Solutions\\backend\\index.js","statementMap":{"0":{"start":{"line":1,"column":16},"end":{"line":1,"column":34}},"1":{"start":{"line":2,"column":17},"end":{"line":2,"column":36}},"2":{"start":{"line":3,"column":13},"end":{"line":3,"column":28}},"3":{"start":{"line":4,"column":0},"end":{"line":4,"column":27}},"4":{"start":{"line":5,"column":13},"end":{"line":5,"column":28}},"5":{"start":{"line":6,"column":11},"end":{"line":6,"column":24}},"6":{"start":{"line":9,"column":12},"end":{"line":9,"column":21}},"7":{"start":{"line":12,"column":23},"end":{"line":16,"column":1}},"8":{"start":{"line":18,"column":0},"end":{"line":23,"column":4}},"9":{"start":{"line":27,"column":0},"end":{"line":27,"column":24}},"10":{"start":{"line":28,"column":0},"end":{"line":28,"column":48}},"11":{"start":{"line":31,"column":0},"end":{"line":31,"column":69}},"12":{"start":{"line":33,"column":0},"end":{"line":35,"column":1}},"13":{"start":{"line":34,"column":2},"end":{"line":34,"column":28}},"14":{"start":{"line":39,"column":17},"end":{"line":39,"column":80}},"15":{"start":{"line":40,"column":0},"end":{"line":42,"column":93}},"16":{"start":{"line":41,"column":14},"end":{"line":41,"column":74}},"17":{"start":{"line":42,"column":18},"end":{"line":42,"column":91}},"18":{"start":{"line":45,"column":14},"end":{"line":45,"column":39}},"19":{"start":{"line":46,"column":15},"end":{"line":46,"column":34}},"20":{"start":{"line":49,"column":19},"end":{"line":49,"column":73}},"21":{"start":{"line":50,"column":2},"end":{"line":57,"column":3}},"22":{"start":{"line":51,"column":19},"end":{"line":51,"column":52}},"23":{"start":{"line":52,"column":4},"end":{"line":55,"column":7}},"24":{"start":{"line":56,"column":4},"end":{"line":56,"column":43}},"25":{"start":{"line":59,"column":0},"end":{"line":59,"column":21}},"26":{"start":{"line":62,"column":0},"end":{"line":62,"column":55}},"27":{"start":{"line":63,"column":0},"end":{"line":63,"column":60}},"28":{"start":{"line":64,"column":0},"end":{"line":64,"column":77}},"29":{"start":{"line":65,"column":0},"end":{"line":65,"column":59}},"30":{"start":{"line":66,"column":0},"end":{"line":66,"column":55}},"31":{"start":{"line":67,"column":0},"end":{"line":67,"column":53}},"32":{"start":{"line":68,"column":0},"end":{"line":68,"column":66}},"33":{"start":{"line":69,"column":0},"end":{"line":69,"column":58}},"34":{"start":{"line":71,"column":19},"end":{"line":71,"column":49}},"35":{"start":{"line":74,"column":0},"end":{"line":81,"column":1}},"36":{"start":{"line":75,"column":15},"end":{"line":75,"column":39}},"37":{"start":{"line":76,"column":2},"end":{"line":76,"column":49}},"38":{"start":{"line":78,"column":2},"end":{"line":80,"column":5}},"39":{"start":{"line":79,"column":4},"end":{"line":79,"column":53}},"40":{"start":{"line":84,"column":0},"end":{"line":84,"column":21}}},"fnMap":{"0":{"name":"(anonymous_0)","decl":{"start":{"line":41,"column":8},"end":{"line":41,"column":9}},"loc":{"start":{"line":41,"column":14},"end":{"line":41,"column":74}},"line":41},"1":{"name":"(anonymous_1)","decl":{"start":{"line":42,"column":9},"end":{"line":42,"column":10}},"loc":{"start":{"line":42,"column":18},"end":{"line":42,"column":91}},"line":42},"2":{"name":"createDefaultAdmin","decl":{"start":{"line":48,"column":15},"end":{"line":48,"column":33}},"loc":{"start":{"line":48,"column":36},"end":{"line":58,"column":1}},"line":48},"3":{"name":"(anonymous_3)","decl":{"start":{"line":78,"column":30},"end":{"line":78,"column":31}},"loc":{"start":{"line":78,"column":36},"end":{"line":80,"column":3}},"line":78}},"branchMap":{"0":{"loc":{"start":{"line":33,"column":0},"end":{"line":35,"column":1}},"type":"if","locations":[{"start":{"line":33,"column":0},"end":{"line":35,"column":1}},{"start":{},"end":{}}],"line":33},"1":{"loc":{"start":{"line":39,"column":17},"end":{"line":39,"column":80}},"type":"binary-expr","locations":[{"start":{"line":39,"column":17},"end":{"line":39,"column":38}},{"start":{"line":39,"column":42},"end":{"line":39,"column":80}}],"line":39},"2":{"loc":{"start":{"line":42,"column":52},"end":{"line":42,"column":90}},"type":"cond-expr","locations":[{"start":{"line":42,"column":73},"end":{"line":42,"column":84}},{"start":{"line":42,"column":87},"end":{"line":42,"column":90}}],"line":42},"3":{"loc":{"start":{"line":42,"column":52},"end":{"line":42,"column":70}},"type":"binary-expr","locations":[{"start":{"line":42,"column":52},"end":{"line":42,"column":55}},{"start":{"line":42,"column":59},"end":{"line":42,"column":70}}],"line":42},"4":{"loc":{"start":{"line":50,"column":2},"end":{"line":57,"column":3}},"type":"if","locations":[{"start":{"line":50,"column":2},"end":{"line":57,"column":3}},{"start":{},"end":{}}],"line":50},"5":{"loc":{"start":{"line":74,"column":0},"end":{"line":81,"column":1}},"type":"if","locations":[{"start":{"line":74,"column":0},"end":{"line":81,"column":1}},{"start":{},"end":{}}],"line":74},"6":{"loc":{"start":{"line":75,"column":15},"end":{"line":75,"column":39}},"type":"binary-expr","locations":[{"start":{"line":75,"column":15},"end":{"line":75,"column":31}},{"start":{"line":75,"column":35},"end":{"line":75,"column":39}}],"line":75}},"s":{"0":7,"1":7,"2":7,"3":7,"4":7,"5":7,"6":7,"7":7,"8":7,"9":7,"10":7,"11":7,"12":7,"13":0,"14":7,"15":7,"16":7,"17":0,"18":7,"19":7,"20":7,"21":7,"22":0,"23":0,"24":0,"25":7,"26":7,"27":7,"28":7,"29":7,"30":7,"31":7,"32":7,"33":7,"34":7,"35":7,"36":0,"37":0,"38":0,"39":0,"40":7},"f":{"0":7,"1":0,"2":7,"3":0},"b":{"0":[0,7],"1":[7,0],"2":[0,0],"3":[0,0],"4":[0,7],"5":[0,7],"6":[0,0]},"_coverageSchema":"1a1c01bbd47fc00a2c39e90264f33305004495a9","hash":"f309323c7dd1315b450441cc95e544d4f9e50c7c"}
,"C:\\Users\\shreenivasa\\Desktop\\InfraScale_Solutions\\InfraScale_Solutions\\backend\\config\\cloudinary.js": {"path":"C:\\Users\\shreenivasa\\Desktop\\InfraScale_Solutions\\InfraScale_Solutions\\backend\\config\\cloudinary.js","statementMap":{"0":{"start":{"line":1,"column":19},"end":{"line":1,"column":43}},"1":{"start":{"line":3,"column":0},"end":{"line":7,"column":3}},"2":{"start":{"line":9,"column":0},"end":{"line":9,"column":28}}},"fnMap":{},"branchMap":{},"s":{"0":7,"1":7,"2":7},"f":{},"b":{},"_coverageSchema":"1a1c01bbd47fc00a2c39e90264f33305004495a9","hash":"f4a67d15c533a1467f6c9f77748410a168013580"}
,"C:\\Users\\shreenivasa\\Desktop\\InfraScale_Solutions\\InfraScale_Solutions\\backend\\controllers\\AboutCompanyController.js": {"path":"C:\\Users\\shreenivasa\\Desktop\\InfraScale_Solutions\\InfraScale_Solutions\\backend\\controllers\\AboutCompanyController.js","statementMap":{"0":{"start":{"line":1,"column":21},"end":{"line":1,"column":54}},"1":{"start":{"line":4,"column":0},"end":{"line":16,"column":2}},"2":{"start":{"line":5,"column":2},"end":{"line":15,"column":3}},"3":{"start":{"line":6,"column":16},"end":{"line":6,"column":44}},"4":{"start":{"line":8,"column":4},"end":{"line":10,"column":5}},"5":{"start":{"line":9,"column":6},"end":{"line":9,"column":44}},"6":{"start":{"line":12,"column":4},"end":{"line":12,"column":20}},"7":{"start":{"line":14,"column":4},"end":{"line":14,"column":54}},"8":{"start":{"line":19,"column":0},"end":{"line":37,"column":2}},"9":{"start":{"line":20,"column":2},"end":{"line":36,"column":3}},"10":{"start":{"line":21,"column":16},"end":{"line":21,"column":44}},"11":{"start":{"line":23,"column":4},"end":{"line":31,"column":5}},"12":{"start":{"line":24,"column":6},"end":{"line":24,"column":50}},"13":{"start":{"line":26,"column":6},"end":{"line":30,"column":2}},"14":{"start":{"line":33,"column":4},"end":{"line":33,"column":20}},"15":{"start":{"line":35,"column":4},"end":{"line":35,"column":55}}},"fnMap":{"0":{"name":"(anonymous_0)","decl":{"start":{"line":4,"column":19},"end":{"line":4,"column":20}},"loc":{"start":{"line":4,"column":39},"end":{"line":16,"column":1}},"line":4},"1":{"name":"(anonymous_1)","decl":{"start":{"line":19,"column":22},"end":{"line":19,"column":23}},"loc":{"start":{"line":19,"column":42},"end":{"line":37,"column":1}},"line":19}},"branchMap":{"0":{"loc":{"start":{"line":8,"column":4},"end":{"line":10,"column":5}},"type":"if","locations":[{"start":{"line":8,"column":4},"end":{"line":10,"column":5}},{"start":{},"end":{}}],"line":8},"1":{"loc":{"start":{"line":23,"column":4},"end":{"line":31,"column":5}},"type":"if","locations":[{"start":{"line":23,"column":4},"end":{"line":31,"column":5}},{"start":{"line":25,"column":11},"end":{"line":31,"column":5}}],"line":23}},"s":{"0":7,"1":7,"2":0,"3":0,"4":0,"5":0,"6":0,"7":0,"8":7,"9":0,"10":0,"11":0,"12":0,"13":0,"14":0,"15":0},"f":{"0":0,"1":0},"b":{"0":[0,0],"1":[0,0]},"_coverageSchema":"1a1c01bbd47fc00a2c39e90264f33305004495a9","hash":"07e88be4d2f5827649344a9503e26f060681d546"}
,"C:\\Users\\shreenivasa\\Desktop\\InfraScale_Solutions\\InfraScale_Solutions\\backend\\controllers\\MemberAuthController.js": {"path":"C:\\Users\\shreenivasa\\Desktop\\InfraScale_Solutions\\InfraScale_Solutions\\backend\\controllers\\MemberAuthController.js","statementMap":{"0":{"start":{"line":1,"column":15},"end":{"line":1,"column":42}},"1":{"start":{"line":2,"column":13},"end":{"line":2,"column":38}},"2":{"start":{"line":3,"column":15},"end":{"line":3,"column":34}},"3":{"start":{"line":4,"column":12},"end":{"line":4,"column":35}},"4":{"start":{"line":7,"column":22},"end":{"line":8,"column":42}},"5":{"start":{"line":8,"column":2},"end":{"line":8,"column":42}},"6":{"start":{"line":10,"column":25},"end":{"line":11,"column":34}},"7":{"start":{"line":11,"column":2},"end":{"line":11,"column":34}},"8":{"start":{"line":15,"column":0},"end":{"line":61,"column":2}},"9":{"start":{"line":16,"column":2},"end":{"line":60,"column":3}},"10":{"start":{"line":17,"column":32},"end":{"line":17,"column":40}},"11":{"start":{"line":19,"column":4},"end":{"line":20,"column":78}},"12":{"start":{"line":20,"column":6},"end":{"line":20,"column":78}},"13":{"start":{"line":22,"column":4},"end":{"line":23,"column":71}},"14":{"start":{"line":23,"column":6},"end":{"line":23,"column":71}},"15":{"start":{"line":25,"column":4},"end":{"line":26,"column":89}},"16":{"start":{"line":26,"column":6},"end":{"line":26,"column":89}},"17":{"start":{"line":29,"column":23},"end":{"line":29,"column":52}},"18":{"start":{"line":31,"column":4},"end":{"line":34,"column":9}},"19":{"start":{"line":32,"column":6},"end":{"line":34,"column":9}},"20":{"start":{"line":36,"column":21},"end":{"line":36,"column":52}},"21":{"start":{"line":38,"column":4},"end":{"line":39,"column":76}},"22":{"start":{"line":39,"column":6},"end":{"line":39,"column":76}},"23":{"start":{"line":41,"column":19},"end":{"line":41,"column":50}},"24":{"start":{"line":43,"column":19},"end":{"line":51,"column":5}},"25":{"start":{"line":53,"column":4},"end":{"line":55,"column":7}},"26":{"start":{"line":58,"column":4},"end":{"line":58,"column":23}},"27":{"start":{"line":59,"column":4},"end":{"line":59,"column":61}},"28":{"start":{"line":65,"column":0},"end":{"line":94,"column":2}},"29":{"start":{"line":66,"column":2},"end":{"line":93,"column":3}},"30":{"start":{"line":67,"column":32},"end":{"line":67,"column":40}},"31":{"start":{"line":69,"column":17},"end":{"line":69,"column":48}},"32":{"start":{"line":71,"column":4},"end":{"line":72,"column":70}},"33":{"start":{"line":72,"column":6},"end":{"line":72,"column":70}},"34":{"start":{"line":74,"column":20},"end":{"line":74,"column":65}},"35":{"start":{"line":76,"column":4},"end":{"line":77,"column":70}},"36":{"start":{"line":77,"column":6},"end":{"line":77,"column":70}},"37":{"start":{"line":79,"column":18},"end":{"line":83,"column":5}},"38":{"start":{"line":85,"column":4},"end":{"line":88,"column":7}},"39":{"start":{"line":91,"column":4},"end":{"line":91,"column":23}},"40":{"start":{"line":92,"column":4},"end":{"line":92,"column":54}}},"fnMap":{"0":{"name":"(anonymous_0)","decl":{"start":{"line":7,"column":22},"end":{"line":7,"column":23}},"loc":{"start":{"line":8,"column":2},"end":{"line":8,"column":42}},"line":8},"1":{"name":"(anonymous_1)","decl":{"start":{"line":10,"column":25},"end":{"line":10,"column":26}},"loc":{"start":{"line":11,"column":2},"end":{"line":11,"column":34}},"line":11},"2":{"name":"(anonymous_2)","decl":{"start":{"line":15,"column":19},"end":{"line":15,"column":20}},"loc":{"start":{"line":15,"column":39},"end":{"line":61,"column":1}},"line":15},"3":{"name":"(anonymous_3)","decl":{"start":{"line":65,"column":16},"end":{"line":65,"column":17}},"loc":{"start":{"line":65,"column":36},"end":{"line":94,"column":1}},"line":65}},"branchMap":{"0":{"loc":{"start":{"line":11,"column":2},"end":{"line":11,"column":34}},"type":"binary-expr","locations":[{"start":{"line":11,"column":2},"end":{"line":11,"column":10}},{"start":{"line":11,"column":14},"end":{"line":11,"column":34}}],"line":11},"1":{"loc":{"start":{"line":19,"column":4},"end":{"line":20,"column":78}},"type":"if","locations":[{"start":{"line":19,"column":4},"end":{"line":20,"column":78}},{"start":{},"end":{}}],"line":19},"2":{"loc":{"start":{"line":19,"column":8},"end":{"line":19,"column":27}},"type":"binary-expr","locations":[{"start":{"line":19,"column":8},"end":{"line":19,"column":14}},{"start":{"line":19,"column":18},"end":{"line":19,"column":27}}],"line":19},"3":{"loc":{"start":{"line":22,"column":4},"end":{"line":23,"column":71}},"type":"if","locations":[{"start":{"line":22,"column":4},"end":{"line":23,"column":71}},{"start":{},"end":{}}],"line":22},"4":{"loc":{"start":{"line":25,"column":4},"end":{"line":26,"column":89}},"type":"if","locations":[{"start":{"line":25,"column":4},"end":{"line":26,"column":89}},{"start":{},"end":{}}],"line":25},"5":{"loc":{"start":{"line":31,"column":4},"end":{"line":34,"column":9}},"type":"if","locations":[{"start":{"line":31,"column":4},"end":{"line":34,"column":9}},{"start":{},"end":{}}],"line":31},"6":{"loc":{"start":{"line":38,"column":4},"end":{"line":39,"column":76}},"type":"if","locations":[{"start":{"line":38,"column":4},"end":{"line":39,"column":76}},{"start":{},"end":{}}],"line":38},"7":{"loc":{"start":{"line":38,"column":8},"end":{"line":38,"column":41}},"type":"binary-expr","locations":[{"start":{"line":38,"column":8},"end":{"line":38,"column":16}},{"start":{"line":38,"column":20},"end":{"line":38,"column":41}}],"line":38},"8":{"loc":{"start":{"line":71,"column":4},"end":{"line":72,"column":70}},"type":"if","locations":[{"start":{"line":71,"column":4},"end":{"line":72,"column":70}},{"start":{},"end":{}}],"line":71},"9":{"loc":{"start":{"line":71,"column":8},"end":{"line":71,"column":35}},"type":"binary-expr","locations":[{"start":{"line":71,"column":8},"end":{"line":71,"column":13}},{"start":{"line":71,"column":17},"end":{"line":71,"column":35}}],"line":71},"10":{"loc":{"start":{"line":76,"column":4},"end":{"line":77,"column":70}},"type":"if","locations":[{"start":{"line":76,"column":4},"end":{"line":77,"column":70}},{"start":{},"end":{}}],"line":76},"11":{"loc":{"start":{"line":81,"column":6},"end":{"line":81,"column":49}},"type":"binary-expr","locations":[{"start":{"line":81,"column":6},"end":{"line":81,"column":28}},{"start":{"line":81,"column":32},"end":{"line":81,"column":49}}],"line":81}},"s":{"0":7,"1":7,"2":7,"3":7,"4":7,"5":1,"6":7,"7":1,"8":7,"9":1,"10":1,"11":1,"12":0,"13":1,"14":0,"15":1,"16":0,"17":1,"18":1,"19":0,"20":1,"21":1,"22":0,"23":1,"24":1,"25":1,"26":0,"27":0,"28":7,"29":0,"30":0,"31":0,"32":0,"33":0,"34":0,"35":0,"36":0,"37":0,"38":0,"39":0,"40":0},"f":{"0":1,"1":1,"2":1,"3":0},"b":{"0":[1,1],"1":[0,1],"2":[1,1],"3":[0,1],"4":[0,1],"5":[0,1],"6":[0,1],"7":[1,0],"8":[0,0],"9":[0,0],"10":[0,0],"11":[0,0]},"_coverageSchema":"1a1c01bbd47fc00a2c39e90264f33305004495a9","hash":"122473dbca56c178ddf2b7f9f45178da02cb7da1"}
,"C:\\Users\\shreenivasa\\Desktop\\InfraScale_Solutions\\InfraScale_Solutions\\backend\\controllers\\MemberController.js": {"path":"C:\\Users\\shreenivasa\\Desktop\\InfraScale_Solutions\\InfraScale_Solutions\\backend\\controllers\\MemberController.js","statementMap":{"0":{"start":{"line":1,"column":15},"end":{"line":1,"column":42}},"1":{"start":{"line":2,"column":13},"end":{"line":2,"column":38}},"2":{"start":{"line":6,"column":0},"end":{"line":21,"column":2}},"3":{"start":{"line":7,"column":2},"end":{"line":20,"column":3}},"4":{"start":{"line":8,"column":19},"end":{"line":8,"column":53}},"5":{"start":{"line":10,"column":4},"end":{"line":11,"column":68}},"6":{"start":{"line":11,"column":6},"end":{"line":11,"column":68}},"7":{"start":{"line":13,"column":21},"end":{"line":13,"column":61}},"8":{"start":{"line":15,"column":4},"end":{"line":15,"column":23}},"9":{"start":{"line":18,"column":4},"end":{"line":18,"column":23}},"10":{"start":{"line":19,"column":4},"end":{"line":19,"column":54}},"11":{"start":{"line":25,"column":0},"end":{"line":52,"column":2}},"12":{"start":{"line":26,"column":2},"end":{"line":51,"column":3}},"13":{"start":{"line":27,"column":19},"end":{"line":27,"column":53}},"14":{"start":{"line":29,"column":4},"end":{"line":30,"column":68}},"15":{"start":{"line":30,"column":6},"end":{"line":30,"column":68}},"16":{"start":{"line":32,"column":20},"end":{"line":44,"column":5}},"17":{"start":{"line":46,"column":4},"end":{"line":46,"column":22}},"18":{"start":{"line":49,"column":4},"end":{"line":49,"column":40}},"19":{"start":{"line":50,"column":4},"end":{"line":50,"column":55}}},"fnMap":{"0":{"name":"(anonymous_0)","decl":{"start":{"line":6,"column":23},"end":{"line":6,"column":24}},"loc":{"start":{"line":6,"column":43},"end":{"line":21,"column":1}},"line":6},"1":{"name":"(anonymous_1)","decl":{"start":{"line":25,"column":26},"end":{"line":25,"column":27}},"loc":{"start":{"line":25,"column":46},"end":{"line":52,"column":1}},"line":25}},"branchMap":{"0":{"loc":{"start":{"line":10,"column":4},"end":{"line":11,"column":68}},"type":"if","locations":[{"start":{"line":10,"column":4},"end":{"line":11,"column":68}},{"start":{},"end":{}}],"line":10},"1":{"loc":{"start":{"line":10,"column":8},"end":{"line":10,"column":39}},"type":"binary-expr","locations":[{"start":{"line":10,"column":8},"end":{"line":10,"column":15}},{"start":{"line":10,"column":19},"end":{"line":10,"column":39}}],"line":10},"2":{"loc":{"start":{"line":29,"column":4},"end":{"line":30,"column":68}},"type":"if","locations":[{"start":{"line":29,"column":4},"end":{"line":30,"column":68}},{"start":{},"end":{}}],"line":29},"3":{"loc":{"start":{"line":29,"column":8},"end":{"line":29,"column":39}},"type":"binary-expr","locations":[{"start":{"line":29,"column":8},"end":{"line":29,"column":15}},{"start":{"line":29,"column":19},"end":{"line":29,"column":39}}],"line":29},"4":{"loc":{"start":{"line":39,"column":16},"end":{"line":39,"column":37}},"type":"binary-expr","locations":[{"start":{"line":39,"column":16},"end":{"line":39,"column":31}},{"start":{"line":39,"column":35},"end":{"line":39,"column":37}}],"line":39},"5":{"loc":{"start":{"line":40,"column":18},"end":{"line":40,"column":41}},"type":"binary-expr","locations":[{"start":{"line":40,"column":18},"end":{"line":40,"column":35}},{"start":{"line":40,"column":39},"end":{"line":40,"column":41}}],"line":40},"6":{"loc":{"start":{"line":41,"column":24},"end":{"line":41,"column":53}},"type":"binary-expr","locations":[{"start":{"line":41,"column":24},"end":{"line":41,"column":47}},{"start":{"line":41,"column":51},"end":{"line":41,"column":53}}],"line":41}},"s":{"0":7,"1":7,"2":7,"3":0,"4":0,"5":0,"6":0,"7":0,"8":0,"9":0,"10":0,"11":7,"12":0,"13":0,"14":0,"15":0,"16":0,"17":0,"18":0,"19":0},"f":{"0":0,"1":0},"b":{"0":[0,0],"1":[0,0],"2":[0,0],"3":[0,0],"4":[0,0],"5":[0,0],"6":[0,0]},"_coverageSchema":"1a1c01bbd47fc00a2c39e90264f33305004495a9","hash":"3f32fdc8f63302c305cd8632576095be6bab7c40"}
,"C:\\Users\\shreenivasa\\Desktop\\InfraScale_Solutions\\InfraScale_Solutions\\backend\\controllers\\detailedServiceController.js": {"path":"C:\\Users\\shreenivasa\\Desktop\\InfraScale_Solutions\\InfraScale_Solutions\\backend\\controllers\\detailedServiceController.js","statementMap":{"0":{"start":{"line":1,"column":24},"end":{"line":1,"column":60}},"1":{"start":{"line":4,"column":0},"end":{"line":48,"column":2}},"2":{"start":{"line":5,"column":2},"end":{"line":47,"column":3}},"3":{"start":{"line":17,"column":8},"end":{"line":17,"column":16}},"4":{"start":{"line":20,"column":4},"end":{"line":22,"column":5}},"5":{"start":{"line":21,"column":6},"end":{"line":21,"column":78}},"6":{"start":{"line":25,"column":19},"end":{"line":25,"column":58}},"7":{"start":{"line":26,"column":4},"end":{"line":28,"column":5}},"8":{"start":{"line":27,"column":6},"end":{"line":27,"column":70}},"9":{"start":{"line":30,"column":16},"end":{"line":41,"column":6}},"10":{"start":{"line":43,"column":4},"end":{"line":43,"column":30}},"11":{"start":{"line":45,"column":4},"end":{"line":45,"column":23}},"12":{"start":{"line":46,"column":4},"end":{"line":46,"column":75}},"13":{"start":{"line":51,"column":0},"end":{"line":59,"column":2}},"14":{"start":{"line":52,"column":2},"end":{"line":58,"column":3}},"15":{"start":{"line":53,"column":17},"end":{"line":53,"column":69}},"16":{"start":{"line":54,"column":4},"end":{"line":54,"column":19}},"17":{"start":{"line":56,"column":4},"end":{"line":56,"column":23}},"18":{"start":{"line":57,"column":4},"end":{"line":57,"column":75}},"19":{"start":{"line":62,"column":0},"end":{"line":72,"column":2}},"20":{"start":{"line":63,"column":2},"end":{"line":71,"column":3}},"21":{"start":{"line":64,"column":21},"end":{"line":64,"column":31}},"22":{"start":{"line":65,"column":16},"end":{"line":65,"column":55}},"23":{"start":{"line":66,"column":4},"end":{"line":66,"column":68}},"24":{"start":{"line":66,"column":14},"end":{"line":66,"column":68}},"25":{"start":{"line":67,"column":4},"end":{"line":67,"column":18}},"26":{"start":{"line":69,"column":4},"end":{"line":69,"column":23}},"27":{"start":{"line":70,"column":4},"end":{"line":70,"column":74}},"28":{"start":{"line":75,"column":0},"end":{"line":86,"column":2}},"29":{"start":{"line":76,"column":2},"end":{"line":85,"column":3}},"30":{"start":{"line":77,"column":19},"end":{"line":77,"column":29}},"31":{"start":{"line":78,"column":19},"end":{"line":78,"column":27}},"32":{"start":{"line":79,"column":16},"end":{"line":79,"column":82}},"33":{"start":{"line":80,"column":4},"end":{"line":80,"column":68}},"34":{"start":{"line":80,"column":14},"end":{"line":80,"column":68}},"35":{"start":{"line":81,"column":4},"end":{"line":81,"column":18}},"36":{"start":{"line":83,"column":4},"end":{"line":83,"column":23}},"37":{"start":{"line":84,"column":4},"end":{"line":84,"column":58}},"38":{"start":{"line":89,"column":0},"end":{"line":99,"column":2}},"39":{"start":{"line":90,"column":2},"end":{"line":98,"column":3}},"40":{"start":{"line":91,"column":19},"end":{"line":91,"column":29}},"41":{"start":{"line":92,"column":16},"end":{"line":92,"column":59}},"42":{"start":{"line":93,"column":4},"end":{"line":93,"column":68}},"43":{"start":{"line":93,"column":14},"end":{"line":93,"column":68}},"44":{"start":{"line":94,"column":4},"end":{"line":94,"column":37}},"45":{"start":{"line":96,"column":4},"end":{"line":96,"column":23}},"46":{"start":{"line":97,"column":4},"end":{"line":97,"column":58}}},"fnMap":{"0":{"name":"(anonymous_0)","decl":{"start":{"line":4,"column":32},"end":{"line":4,"column":33}},"loc":{"start":{"line":4,"column":52},"end":{"line":48,"column":1}},"line":4},"1":{"name":"(anonymous_1)","decl":{"start":{"line":51,"column":33},"end":{"line":51,"column":34}},"loc":{"start":{"line":51,"column":53},"end":{"line":59,"column":1}},"line":51},"2":{"name":"(anonymous_2)","decl":{"start":{"line":62,"column":35},"end":{"line":62,"column":36}},"loc":{"start":{"line":62,"column":55},"end":{"line":72,"column":1}},"line":62},"3":{"name":"(anonymous_3)","decl":{"start":{"line":75,"column":32},"end":{"line":75,"column":33}},"loc":{"start":{"line":75,"column":52},"end":{"line":86,"column":1}},"line":75},"4":{"name":"(anonymous_4)","decl":{"start":{"line":89,"column":32},"end":{"line":89,"column":33}},"loc":{"start":{"line":89,"column":52},"end":{"line":99,"column":1}},"line":89}},"branchMap":{"0":{"loc":{"start":{"line":20,"column":4},"end":{"line":22,"column":5}},"type":"if","locations":[{"start":{"line":20,"column":4},"end":{"line":22,"column":5}},{"start":{},"end":{}}],"line":20},"1":{"loc":{"start":{"line":20,"column":8},"end":{"line":20,"column":23}},"type":"binary-expr","locations":[{"start":{"line":20,"column":8},"end":{"line":20,"column":14}},{"start":{"line":20,"column":18},"end":{"line":20,"column":23}}],"line":20},"2":{"loc":{"start":{"line":26,"column":4},"end":{"line":28,"column":5}},"type":"if","locations":[{"start":{"line":26,"column":4},"end":{"line":28,"column":5}},{"start":{},"end":{}}],"line":26},"3":{"loc":{"start":{"line":36,"column":20},"end":{"line":36,"column":101}},"type":"cond-expr","locations":[{"start":{"line":36,"column":50},"end":{"line":36,"column":62}},{"start":{"line":36,"column":66},"end":{"line":36,"column":100}}],"line":36},"4":{"loc":{"start":{"line":36,"column":66},"end":{"line":36,"column":100}},"type":"cond-expr","locations":[{"start":{"line":36,"column":81},"end":{"line":36,"column":95}},{"start":{"line":36,"column":98},"end":{"line":36,"column":100}}],"line":36},"5":{"loc":{"start":{"line":37,"column":16},"end":{"line":37,"column":81}},"type":"cond-expr","locations":[{"start":{"line":37,"column":42},"end":{"line":37,"column":50}},{"start":{"line":37,"column":54},"end":{"line":37,"column":80}}],"line":37},"6":{"loc":{"start":{"line":37,"column":54},"end":{"line":37,"column":80}},"type":"cond-expr","locations":[{"start":{"line":37,"column":65},"end":{"line":37,"column":75}},{"start":{"line":37,"column":78},"end":{"line":37,"column":80}}],"line":37},"7":{"loc":{"start":{"line":38,"column":16},"end":{"line":38,"column":81}},"type":"cond-expr","locations":[{"start":{"line":38,"column":42},"end":{"line":38,"column":50}},{"start":{"line":38,"column":54},"end":{"line":38,"column":80}}],"line":38},"8":{"loc":{"start":{"line":38,"column":54},"end":{"line":38,"column":80}},"type":"cond-expr","locations":[{"start":{"line":38,"column":65},"end":{"line":38,"column":75}},{"start":{"line":38,"column":78},"end":{"line":38,"column":80}}],"line":38},"9":{"loc":{"start":{"line":40,"column":12},"end":{"line":40,"column":61}},"type":"cond-expr","locations":[{"start":{"line":40,"column":34},"end":{"line":40,"column":38}},{"start":{"line":40,"column":42},"end":{"line":40,"column":60}}],"line":40},"10":{"loc":{"start":{"line":40,"column":42},"end":{"line":40,"column":60}},"type":"cond-expr","locations":[{"start":{"line":40,"column":49},"end":{"line":40,"column":55}},{"start":{"line":40,"column":58},"end":{"line":40,"column":60}}],"line":40},"11":{"loc":{"start":{"line":66,"column":4},"end":{"line":66,"column":68}},"type":"if","locations":[{"start":{"line":66,"column":4},"end":{"line":66,"column":68}},{"start":{},"end":{}}],"line":66},"12":{"loc":{"start":{"line":80,"column":4},"end":{"line":80,"column":68}},"type":"if","locations":[{"start":{"line":80,"column":4},"end":{"line":80,"column":68}},{"start":{},"end":{}}],"line":80},"13":{"loc":{"start":{"line":93,"column":4},"end":{"line":93,"column":68}},"type":"if","locations":[{"start":{"line":93,"column":4},"end":{"line":93,"column":68}},{"start":{},"end":{}}],"line":93}},"s":{"0":7,"1":7,"2":0,"3":0,"4":0,"5":0,"6":0,"7":0,"8":0,"9":0,"10":0,"11":0,"12":0,"13":7,"14":0,"15":0,"16":0,"17":0,"18":0,"19":7,"20":0,"21":0,"22":0,"23":0,"24":0,"25":0,"26":0,"27":0,"28":7,"29":0,"30":0,"31":0,"32":0,"33":0,"34":0,"35":0,"36":0,"37":0,"38":7,"39":0,"40":0,"41":0,"42":0,"43":0,"44":0,"45":0,"46":0},"f":{"0":0,"1":0,"2":0,"3":0,"4":0},"b":{"0":[0,0],"1":[0,0],"2":[0,0],"3":[0,0],"4":[0,0],"5":[0,0],"6":[0,0],"7":[0,0],"8":[0,0],"9":[0,0],"10":[0,0],"11":[0,0],"12":[0,0],"13":[0,0]},"_coverageSchema":"1a1c01bbd47fc00a2c39e90264f33305004495a9","hash":"b7541a8c9fb7f8cba2992f80eac2d1f6d1f0e33b"}
,"C:\\Users\\shreenivasa\\Desktop\\InfraScale_Solutions\\InfraScale_Solutions\\backend\\middleware\\auth.js": {"path":"C:\\Users\\shreenivasa\\Desktop\\InfraScale_Solutions\\InfraScale_Solutions\\backend\\middleware\\auth.js","statementMap":{"0":{"start":{"line":1,"column":12},"end":{"line":1,"column":35}},"1":{"start":{"line":3,"column":0},"end":{"line":31,"column":2}},"2":{"start":{"line":4,"column":2},"end":{"line":30,"column":3}},"3":{"start":{"line":6,"column":23},"end":{"line":6,"column":50}},"4":{"start":{"line":7,"column":4},"end":{"line":7,"column":97}},"5":{"start":{"line":9,"column":18},"end":{"line":9,"column":43}},"6":{"start":{"line":12,"column":4},"end":{"line":15,"column":5}},"7":{"start":{"line":13,"column":6},"end":{"line":13,"column":64}},"8":{"start":{"line":14,"column":6},"end":{"line":14,"column":68}},"9":{"start":{"line":18,"column":20},"end":{"line":18,"column":82}},"10":{"start":{"line":19,"column":4},"end":{"line":19,"column":58}},"11":{"start":{"line":22,"column":4},"end":{"line":22,"column":23}},"12":{"start":{"line":23,"column":4},"end":{"line":23,"column":11}},"13":{"start":{"line":25,"column":4},"end":{"line":25,"column":48}},"14":{"start":{"line":26,"column":4},"end":{"line":28,"column":5}},"15":{"start":{"line":27,"column":6},"end":{"line":27,"column":64}},"16":{"start":{"line":29,"column":4},"end":{"line":29,"column":62}}},"fnMap":{"0":{"name":"(anonymous_0)","decl":{"start":{"line":3,"column":17},"end":{"line":3,"column":18}},"loc":{"start":{"line":3,"column":37},"end":{"line":31,"column":1}},"line":3}},"branchMap":{"0":{"loc":{"start":{"line":7,"column":57},"end":{"line":7,"column":95}},"type":"cond-expr","locations":[{"start":{"line":7,"column":70},"end":{"line":7,"column":81}},{"start":{"line":7,"column":84},"end":{"line":7,"column":95}}],"line":7},"1":{"loc":{"start":{"line":12,"column":4},"end":{"line":15,"column":5}},"type":"if","locations":[{"start":{"line":12,"column":4},"end":{"line":15,"column":5}},{"start":{},"end":{}}],"line":12},"2":{"loc":{"start":{"line":18,"column":38},"end":{"line":18,"column":81}},"type":"binary-expr","locations":[{"start":{"line":18,"column":38},"end":{"line":18,"column":60}},{"start":{"line":18,"column":64},"end":{"line":18,"column":81}}],"line":18},"3":{"loc":{"start":{"line":26,"column":4},"end":{"line":28,"column":5}},"type":"if","locations":[{"start":{"line":26,"column":4},"end":{"line":28,"column":5}},{"start":{},"end":{}}],"line":26}},"s":{"0":7,"1":7,"2":0,"3":0,"4":0,"5":0,"6":0,"7":0,"8":0,"9":0,"10":0,"11":0,"12":0,"13":0,"14":0,"15":0,"16":0},"f":{"0":0},"b":{"0":[0,0],"1":[0,0],"2":[0,0],"3":[0,0]},"_coverageSchema":"1a1c01bbd47fc00a2c39e90264f33305004495a9","hash":"7e9c4fa2b3b3b70c763a2703a3f72734a278be8e"}
,"C:\\Users\\shreenivasa\\Desktop\\InfraScale_Solutions\\InfraScale_Solutions\\backend\\models\\AboutCompany.js": {"path":"C:\\Users\\shreenivasa\\Desktop\\InfraScale_Solutions\\InfraScale_Solutions\\backend\\models\\AboutCompany.js","statementMap":{"0":{"start":{"line":1,"column":17},"end":{"line":1,"column":36}},"1":{"start":{"line":3,"column":27},"end":{"line":11,"column":2}},"2":{"start":{"line":13,"column":0},"end":{"line":13,"column":68}}},"fnMap":{},"branchMap":{},"s":{"0":7,"1":7,"2":7},"f":{},"b":{},"_coverageSchema":"1a1c01bbd47fc00a2c39e90264f33305004495a9","hash":"5bf92f210b42de1ba2ee424a10c12a5a3308dc38"}
,"C:\\Users\\shreenivasa\\Desktop\\InfraScale_Solutions\\InfraScale_Solutions\\backend\\models\\Admin.js": {"path":"C:\\Users\\shreenivasa\\Desktop\\InfraScale_Solutions\\InfraScale_Solutions\\backend\\models\\Admin.js","statementMap":{"0":{"start":{"line":1,"column":17},"end":{"line":1,"column":36}},"1":{"start":{"line":3,"column":20},"end":{"line":6,"column":2}},"2":{"start":{"line":8,"column":0},"end":{"line":8,"column":54}}},"fnMap":{},"branchMap":{},"s":{"0":7,"1":7,"2":7},"f":{},"b":{},"_coverageSchema":"1a1c01bbd47fc00a2c39e90264f33305004495a9","hash":"01da13d3628380db6ae36ee55347011d300cdf0e"}
,"C:\\Users\\shreenivasa\\Desktop\\InfraScale_Solutions\\InfraScale_Solutions\\backend\\models\\Contact.js": {"path":"C:\\Users\\shreenivasa\\Desktop\\InfraScale_Solutions\\InfraScale_Solutions\\backend\\models\\Contact.js","statementMap":{"0":{"start":{"line":1,"column":17},"end":{"line":1,"column":36}},"1":{"start":{"line":3,"column":22},"end":{"line":10,"column":2}},"2":{"start":{"line":12,"column":0},"end":{"line":12,"column":58}}},"fnMap":{},"branchMap":{},"s":{"0":7,"1":7,"2":7},"f":{},"b":{},"_coverageSchema":"1a1c01bbd47fc00a2c39e90264f33305004495a9","hash":"982968bcef54f81dd5383393a0b5fbe462d3b3e3"}
,"C:\\Users\\shreenivasa\\Desktop\\InfraScale_Solutions\\InfraScale_Solutions\\backend\\models\\DetailedService.js": {"path":"C:\\Users\\shreenivasa\\Desktop\\InfraScale_Solutions\\InfraScale_Solutions\\backend\\models\\DetailedService.js","statementMap":{"0":{"start":{"line":1,"column":17},"end":{"line":1,"column":36}},"1":{"start":{"line":3,"column":18},"end":{"line":6,"column":2}},"2":{"start":{"line":8,"column":30},"end":{"line":20,"column":2}},"3":{"start":{"line":22,"column":0},"end":{"line":22,"column":74}}},"fnMap":{},"branchMap":{},"s":{"0":7,"1":7,"2":7,"3":7},"f":{},"b":{},"_coverageSchema":"1a1c01bbd47fc00a2c39e90264f33305004495a9","hash":"d61878e32890b9972d28eb2ad343678934964289"}
,"C:\\Users\\shreenivasa\\Desktop\\InfraScale_Solutions\\InfraScale_Solutions\\backend\\models\\Member.js": {"path":"C:\\Users\\shreenivasa\\Desktop\\InfraScale_Solutions\\InfraScale_Solutions\\backend\\models\\Member.js","statementMap":{"0":{"start":{"line":1,"column":17},"end":{"line":1,"column":36}},"1":{"start":{"line":3,"column":21},"end":{"line":25,"column":24}},"2":{"start":{"line":27,"column":0},"end":{"line":27,"column":56}}},"fnMap":{},"branchMap":{},"s":{"0":7,"1":7,"2":7},"f":{},"b":{},"_coverageSchema":"1a1c01bbd47fc00a2c39e90264f33305004495a9","hash":"2cda3207c2f8e2a08a3b0b362d2203a03ceaa7e1"}
,"C:\\Users\\shreenivasa\\Desktop\\InfraScale_Solutions\\InfraScale_Solutions\\backend\\models\\Service.js": {"path":"C:\\Users\\shreenivasa\\Desktop\\InfraScale_Solutions\\InfraScale_Solutions\\backend\\models\\Service.js","statementMap":{"0":{"start":{"line":1,"column":17},"end":{"line":1,"column":36}},"1":{"start":{"line":3,"column":22},"end":{"line":14,"column":2}},"2":{"start":{"line":16,"column":0},"end":{"line":16,"column":58}}},"fnMap":{},"branchMap":{},"s":{"0":7,"1":7,"2":7},"f":{},"b":{},"_coverageSchema":"1a1c01bbd47fc00a2c39e90264f33305004495a9","hash":"36d644199035a3f18bd5a26d75f0dbaf862a583e"}
,"C:\\Users\\shreenivasa\\Desktop\\InfraScale_Solutions\\InfraScale_Solutions\\backend\\models\\Team.js": {"path":"C:\\Users\\shreenivasa\\Desktop\\InfraScale_Solutions\\InfraScale_Solutions\\backend\\models\\Team.js","statementMap":{"0":{"start":{"line":1,"column":17},"end":{"line":1,"column":36}},"1":{"start":{"line":3,"column":19},"end":{"line":21,"column":2}},"2":{"start":{"line":23,"column":0},"end":{"line":23,"column":52}}},"fnMap":{},"branchMap":{},"s":{"0":7,"1":7,"2":7},"f":{},"b":{},"_coverageSchema":"1a1c01bbd47fc00a2c39e90264f33305004495a9","hash":"ad2dd489194637fcefa6fb74915d4aaf6352e97d"}
,"C:\\Users\\shreenivasa\\Desktop\\InfraScale_Solutions\\InfraScale_Solutions\\backend\\routes\\MemberAuthRoutes.js": {"path":"C:\\Users\\shreenivasa\\Desktop\\InfraScale_Solutions\\InfraScale_Solutions\\backend\\routes\\MemberAuthRoutes.js","statementMap":{"0":{"start":{"line":1,"column":15},"end":{"line":1,"column":42}},"1":{"start":{"line":2,"column":28},"end":{"line":2,"column":74}},"2":{"start":{"line":4,"column":0},"end":{"line":4,"column":35}},"3":{"start":{"line":5,"column":0},"end":{"line":5,"column":29}},"4":{"start":{"line":7,"column":0},"end":{"line":7,"column":24}}},"fnMap":{},"branchMap":{},"s":{"0":7,"1":7,"2":7,"3":7,"4":7},"f":{},"b":{},"_coverageSchema":"1a1c01bbd47fc00a2c39e90264f33305004495a9","hash":"4114a9e02a7cc957a22af9031c3e40366f5b30ef"}
,"C:\\Users\\shreenivasa\\Desktop\\InfraScale_Solutions\\InfraScale_Solutions\\backend\\routes\\aboutRoutes.js": {"path":"C:\\Users\\shreenivasa\\Desktop\\InfraScale_Solutions\\InfraScale_Solutions\\backend\\routes\\aboutRoutes.js","statementMap":{"0":{"start":{"line":1,"column":15},"end":{"line":1,"column":42}},"1":{"start":{"line":2,"column":34},"end":{"line":2,"column":82}},"2":{"start":{"line":3,"column":13},"end":{"line":3,"column":42}},"3":{"start":{"line":6,"column":0},"end":{"line":6,"column":26}},"4":{"start":{"line":9,"column":0},"end":{"line":9,"column":29}},"5":{"start":{"line":11,"column":0},"end":{"line":11,"column":24}}},"fnMap":{},"branchMap":{},"s":{"0":7,"1":7,"2":7,"3":7,"4":7,"5":7},"f":{},"b":{},"_coverageSchema":"1a1c01bbd47fc00a2c39e90264f33305004495a9","hash":"854d061a1486974ac3a486e5c03ada3ce000acd5"}
,"C:\\Users\\shreenivasa\\Desktop\\InfraScale_Solutions\\InfraScale_Solutions\\backend\\routes\\adminRoutes.js": {"path":"C:\\Users\\shreenivasa\\Desktop\\InfraScale_Solutions\\InfraScale_Solutions\\backend\\routes\\adminRoutes.js","statementMap":{"0":{"start":{"line":1,"column":15},"end":{"line":1,"column":42}},"1":{"start":{"line":2,"column":14},"end":{"line":2,"column":40}},"2":{"start":{"line":3,"column":15},"end":{"line":3,"column":34}},"3":{"start":{"line":4,"column":12},"end":{"line":4,"column":35}},"4":{"start":{"line":5,"column":13},"end":{"line":5,"column":42}},"5":{"start":{"line":8,"column":0},"end":{"line":38,"column":3}},"6":{"start":{"line":9,"column":2},"end":{"line":37,"column":3}},"7":{"start":{"line":10,"column":32},"end":{"line":10,"column":40}},"8":{"start":{"line":13,"column":4},"end":{"line":15,"column":5}},"9":{"start":{"line":14,"column":6},"end":{"line":14,"column":78}},"10":{"start":{"line":17,"column":18},"end":{"line":17,"column":48}},"11":{"start":{"line":18,"column":4},"end":{"line":20,"column":5}},"12":{"start":{"line":19,"column":6},"end":{"line":19,"column":70}},"13":{"start":{"line":22,"column":18},"end":{"line":22,"column":64}},"14":{"start":{"line":23,"column":4},"end":{"line":25,"column":5}},"15":{"start":{"line":24,"column":6},"end":{"line":24,"column":70}},"16":{"start":{"line":27,"column":18},"end":{"line":31,"column":5}},"17":{"start":{"line":33,"column":4},"end":{"line":33,"column":44}},"18":{"start":{"line":35,"column":4},"end":{"line":35,"column":23}},"19":{"start":{"line":36,"column":4},"end":{"line":36,"column":54}},"20":{"start":{"line":41,"column":0},"end":{"line":48,"column":3}},"21":{"start":{"line":42,"column":2},"end":{"line":47,"column":3}},"22":{"start":{"line":43,"column":18},"end":{"line":43,"column":71}},"23":{"start":{"line":44,"column":4},"end":{"line":44,"column":20}},"24":{"start":{"line":46,"column":4},"end":{"line":46,"column":64}},"25":{"start":{"line":50,"column":0},"end":{"line":50,"column":24}}},"fnMap":{"0":{"name":"(anonymous_0)","decl":{"start":{"line":8,"column":22},"end":{"line":8,"column":23}},"loc":{"start":{"line":8,"column":42},"end":{"line":38,"column":1}},"line":8},"1":{"name":"(anonymous_1)","decl":{"start":{"line":41,"column":29},"end":{"line":41,"column":30}},"loc":{"start":{"line":41,"column":49},"end":{"line":48,"column":1}},"line":41}},"branchMap":{"0":{"loc":{"start":{"line":13,"column":4},"end":{"line":15,"column":5}},"type":"if","locations":[{"start":{"line":13,"column":4},"end":{"line":15,"column":5}},{"start":{},"end":{}}],"line":13},"1":{"loc":{"start":{"line":13,"column":8},"end":{"line":13,"column":27}},"type":"binary-expr","locations":[{"start":{"line":13,"column":8},"end":{"line":13,"column":14}},{"start":{"line":13,"column":18},"end":{"line":13,"column":27}}],"line":13},"2":{"loc":{"start":{"line":18,"column":4},"end":{"line":20,"column":5}},"type":"if","locations":[{"start":{"line":18,"column":4},"end":{"line":20,"column":5}},{"start":{},"end":{}}],"line":18},"3":{"loc":{"start":{"line":23,"column":4},"end":{"line":25,"column":5}},"type":"if","locations":[{"start":{"line":23,"column":4},"end":{"line":25,"column":5}},{"start":{},"end":{}}],"line":23},"4":{"loc":{"start":{"line":29,"column":6},"end":{"line":29,"column":49}},"type":"binary-expr","locations":[{"start":{"line":29,"column":6},"end":{"line":29,"column":28}},{"start":{"line":29,"column":32},"end":{"line":29,"column":49}}],"line":29}},"s":{"0":7,"1":7,"2":7,"3":7,"4":7,"5":7,"6":3,"7":3,"8":3,"9":0,"10":3,"11":3,"12":0,"13":3,"14":3,"15":1,"16":2,"17":2,"18":0,"19":0,"20":7,"21":0,"22":0,"23":0,"24":0,"25":7},"f":{"0":3,"1":0},"b":{"0":[0,3],"1":[3,3],"2":[0,3],"3":[1,2],"4":[2,0]},"_coverageSchema":"1a1c01bbd47fc00a2c39e90264f33305004495a9","hash":"01521098c8c472973d478f04cfac2e6448f4bf5b"}
,"C:\\Users\\shreenivasa\\Desktop\\InfraScale_Solutions\\InfraScale_Solutions\\backend\\routes\\contactRoutes.js": {"path":"C:\\Users\\shreenivasa\\Desktop\\InfraScale_Solutions\\InfraScale_Solutions\\backend\\routes\\contactRoutes.js","statementMap":{"0":{"start":{"line":1,"column":15},"end":{"line":1,"column":42}},"1":{"start":{"line":2,"column":16},"end":{"line":2,"column":44}},"2":{"start":{"line":3,"column":13},"end":{"line":3,"column":42}},"3":{"start":{"line":6,"column":24},"end":{"line":15,"column":1}},"4":{"start":{"line":7,"column":35},"end":{"line":7,"column":39}},"5":{"start":{"line":8,"column":2},"end":{"line":10,"column":3}},"6":{"start":{"line":9,"column":4},"end":{"line":9,"column":51}},"7":{"start":{"line":11,"column":2},"end":{"line":13,"column":3}},"8":{"start":{"line":12,"column":4},"end":{"line":12,"column":34}},"9":{"start":{"line":14,"column":2},"end":{"line":14,"column":14}},"10":{"start":{"line":18,"column":0},"end":{"line":36,"column":3}},"11":{"start":{"line":19,"column":2},"end":{"line":35,"column":3}},"12":{"start":{"line":20,"column":4},"end":{"line":20,"column":80}},"13":{"start":{"line":22,"column":18},"end":{"line":22,"column":43}},"14":{"start":{"line":23,"column":4},"end":{"line":26,"column":5}},"15":{"start":{"line":24,"column":6},"end":{"line":24,"column":51}},"16":{"start":{"line":25,"column":6},"end":{"line":25,"column":54}},"17":{"start":{"line":28,"column":20},"end":{"line":28,"column":41}},"18":{"start":{"line":29,"column":4},"end":{"line":29,"column":25}},"19":{"start":{"line":30,"column":4},"end":{"line":30,"column":48}},"20":{"start":{"line":31,"column":4},"end":{"line":31,"column":84}},"21":{"start":{"line":33,"column":4},"end":{"line":33,"column":50}},"22":{"start":{"line":34,"column":4},"end":{"line":34,"column":84}},"23":{"start":{"line":39,"column":0},"end":{"line":49,"column":3}},"24":{"start":{"line":40,"column":2},"end":{"line":48,"column":3}},"25":{"start":{"line":41,"column":4},"end":{"line":41,"column":71}},"26":{"start":{"line":42,"column":21},"end":{"line":42,"column":65}},"27":{"start":{"line":43,"column":4},"end":{"line":43,"column":57}},"28":{"start":{"line":44,"column":4},"end":{"line":44,"column":23}},"29":{"start":{"line":46,"column":4},"end":{"line":46,"column":53}},"30":{"start":{"line":47,"column":4},"end":{"line":47,"column":66}},"31":{"start":{"line":52,"column":0},"end":{"line":66,"column":3}},"32":{"start":{"line":53,"column":2},"end":{"line":65,"column":3}},"33":{"start":{"line":54,"column":4},"end":{"line":54,"column":62}},"34":{"start":{"line":55,"column":20},"end":{"line":55,"column":66}},"35":{"start":{"line":56,"column":4},"end":{"line":59,"column":5}},"36":{"start":{"line":57,"column":6},"end":{"line":57,"column":59}},"37":{"start":{"line":58,"column":6},"end":{"line":58,"column":68}},"38":{"start":{"line":60,"column":4},"end":{"line":60,"column":50}},"39":{"start":{"line":61,"column":4},"end":{"line":61,"column":58}},"40":{"start":{"line":63,"column":4},"end":{"line":63,"column":52}},"41":{"start":{"line":64,"column":4},"end":{"line":64,"column":66}},"42":{"start":{"line":68,"column":0},"end":{"line":68,"column":24}}},"fnMap":{"0":{"name":"(anonymous_0)","decl":{"start":{"line":6,"column":24},"end":{"line":6,"column":25}},"loc":{"start":{"line":6,"column":34},"end":{"line":15,"column":1}},"line":6},"1":{"name":"(anonymous_1)","decl":{"start":{"line":18,"column":17},"end":{"line":18,"column":18}},"loc":{"start":{"line":18,"column":37},"end":{"line":36,"column":1}},"line":18},"2":{"name":"(anonymous_2)","decl":{"start":{"line":39,"column":22},"end":{"line":39,"column":23}},"loc":{"start":{"line":39,"column":42},"end":{"line":49,"column":1}},"line":39},"3":{"name":"(anonymous_3)","decl":{"start":{"line":52,"column":28},"end":{"line":52,"column":29}},"loc":{"start":{"line":52,"column":48},"end":{"line":66,"column":1}},"line":52}},"branchMap":{"0":{"loc":{"start":{"line":8,"column":2},"end":{"line":10,"column":3}},"type":"if","locations":[{"start":{"line":8,"column":2},"end":{"line":10,"column":3}},{"start":{},"end":{}}],"line":8},"1":{"loc":{"start":{"line":8,"column":6},"end":{"line":8,"column":33}},"type":"binary-expr","locations":[{"start":{"line":8,"column":6},"end":{"line":8,"column":11}},{"start":{"line":8,"column":15},"end":{"line":8,"column":21}},{"start":{"line":8,"column":25},"end":{"line":8,"column":33}}],"line":8},"2":{"loc":{"start":{"line":11,"column":2},"end":{"line":13,"column":3}},"type":"if","locations":[{"start":{"line":11,"column":2},"end":{"line":13,"column":3}},{"start":{},"end":{}}],"line":11},"3":{"loc":{"start":{"line":23,"column":4},"end":{"line":26,"column":5}},"type":"if","locations":[{"start":{"line":23,"column":4},"end":{"line":26,"column":5}},{"start":{},"end":{}}],"line":23},"4":{"loc":{"start":{"line":56,"column":4},"end":{"line":59,"column":5}},"type":"if","locations":[{"start":{"line":56,"column":4},"end":{"line":59,"column":5}},{"start":{},"end":{}}],"line":56}},"s":{"0":7,"1":7,"2":7,"3":7,"4":1,"5":1,"6":0,"7":1,"8":0,"9":1,"10":7,"11":1,"12":1,"13":1,"14":1,"15":0,"16":0,"17":1,"18":1,"19":1,"20":1,"21":0,"22":0,"23":7,"24":0,"25":0,"26":0,"27":0,"28":0,"29":0,"30":0,"31":7,"32":0,"33":0,"34":0,"35":0,"36":0,"37":0,"38":0,"39":0,"40":0,"41":0,"42":7},"f":{"0":1,"1":1,"2":0,"3":0},"b":{"0":[0,1],"1":[1,1,1],"2":[0,1],"3":[0,1],"4":[0,0]},"_coverageSchema":"1a1c01bbd47fc00a2c39e90264f33305004495a9","hash":"9657e294cfed2ed35f1102a0232035fb6f35de61"}
,"C:\\Users\\shreenivasa\\Desktop\\InfraScale_Solutions\\InfraScale_Solutions\\backend\\routes\\detailedServiceRoutes.js": {"path":"C:\\Users\\shreenivasa\\Desktop\\InfraScale_Solutions\\InfraScale_Solutions\\backend\\routes\\detailedServiceRoutes.js","statementMap":{"0":{"start":{"line":1,"column":15},"end":{"line":1,"column":42}},"1":{"start":{"line":2,"column":19},"end":{"line":2,"column":70}},"2":{"start":{"line":3,"column":13},"end":{"line":3,"column":42}},"3":{"start":{"line":4,"column":15},"end":{"line":4,"column":32}},"4":{"start":{"line":5,"column":20},"end":{"line":5,"column":51}},"5":{"start":{"line":8,"column":15},"end":{"line":8,"column":34}},"6":{"start":{"line":11,"column":0},"end":{"line":11,"column":51}},"7":{"start":{"line":14,"column":0},"end":{"line":14,"column":58}},"8":{"start":{"line":21,"column":0},"end":{"line":21,"column":93}},"9":{"start":{"line":27,"column":0},"end":{"line":27,"column":95}},"10":{"start":{"line":30,"column":0},"end":{"line":30,"column":62}},"11":{"start":{"line":32,"column":0},"end":{"line":32,"column":24}}},"fnMap":{},"branchMap":{},"s":{"0":7,"1":7,"2":7,"3":7,"4":7,"5":7,"6":7,"7":7,"8":7,"9":7,"10":7,"11":7},"f":{},"b":{},"_coverageSchema":"1a1c01bbd47fc00a2c39e90264f33305004495a9","hash":"8b975add3fbed02b4fbfb3d828083b9098941b37"}
,"C:\\Users\\shreenivasa\\Desktop\\InfraScale_Solutions\\InfraScale_Solutions\\backend\\routes\\memberRoutes.js": {"path":"C:\\Users\\shreenivasa\\Desktop\\InfraScale_Solutions\\InfraScale_Solutions\\backend\\routes\\memberRoutes.js","statementMap":{"0":{"start":{"line":1,"column":16},"end":{"line":1,"column":34}},"1":{"start":{"line":2,"column":15},"end":{"line":2,"column":31}},"2":{"start":{"line":3,"column":13},"end":{"line":3,"column":42}},"3":{"start":{"line":8,"column":4},"end":{"line":8,"column":46}},"4":{"start":{"line":11,"column":0},"end":{"line":11,"column":38}},"5":{"start":{"line":12,"column":0},"end":{"line":12,"column":41}},"6":{"start":{"line":14,"column":0},"end":{"line":14,"column":24}}},"fnMap":{},"branchMap":{},"s":{"0":7,"1":7,"2":7,"3":7,"4":7,"5":7,"6":7},"f":{},"b":{},"_coverageSchema":"1a1c01bbd47fc00a2c39e90264f33305004495a9","hash":"2de500fa902dcf167d1e2f900d31a0cf677392a4"}
,"C:\\Users\\shreenivasa\\Desktop\\InfraScale_Solutions\\InfraScale_Solutions\\backend\\routes\\serviceRoutes.js": {"path":"C:\\Users\\shreenivasa\\Desktop\\InfraScale_Solutions\\InfraScale_Solutions\\backend\\routes\\serviceRoutes.js","statementMap":{"0":{"start":{"line":1,"column":15},"end":{"line":1,"column":42}},"1":{"start":{"line":2,"column":16},"end":{"line":2,"column":44}},"2":{"start":{"line":3,"column":15},"end":{"line":3,"column":32}},"3":{"start":{"line":4,"column":20},"end":{"line":4,"column":51}},"4":{"start":{"line":7,"column":15},"end":{"line":7,"column":43}},"5":{"start":{"line":10,"column":0},"end":{"line":32,"column":3}},"6":{"start":{"line":11,"column":2},"end":{"line":31,"column":3}},"7":{"start":{"line":12,"column":4},"end":{"line":14,"column":5}},"8":{"start":{"line":13,"column":6},"end":{"line":13,"column":68}},"9":{"start":{"line":16,"column":45},"end":{"line":16,"column":53}},"10":{"start":{"line":18,"column":23},"end":{"line":24,"column":6}},"11":{"start":{"line":26,"column":25},"end":{"line":26,"column":48}},"12":{"start":{"line":27,"column":4},"end":{"line":27,"column":39}},"13":{"start":{"line":29,"column":4},"end":{"line":29,"column":23}},"14":{"start":{"line":30,"column":4},"end":{"line":30,"column":68}},"15":{"start":{"line":35,"column":0},"end":{"line":45,"column":3}},"16":{"start":{"line":36,"column":2},"end":{"line":44,"column":3}},"17":{"start":{"line":37,"column":25},"end":{"line":37,"column":34}},"18":{"start":{"line":38,"column":19},"end":{"line":38,"column":57}},"19":{"start":{"line":40,"column":21},"end":{"line":40,"column":47}},"20":{"start":{"line":41,"column":4},"end":{"line":41,"column":23}},"21":{"start":{"line":43,"column":4},"end":{"line":43,"column":65}},"22":{"start":{"line":47,"column":0},"end":{"line":54,"column":3}},"23":{"start":{"line":48,"column":2},"end":{"line":53,"column":3}},"24":{"start":{"line":49,"column":4},"end":{"line":49,"column":51}},"25":{"start":{"line":50,"column":4},"end":{"line":50,"column":37}},"26":{"start":{"line":52,"column":4},"end":{"line":52,"column":55}},"27":{"start":{"line":56,"column":0},"end":{"line":56,"column":24}}},"fnMap":{"0":{"name":"(anonymous_0)","decl":{"start":{"line":10,"column":41},"end":{"line":10,"column":42}},"loc":{"start":{"line":10,"column":61},"end":{"line":32,"column":1}},"line":10},"1":{"name":"(anonymous_1)","decl":{"start":{"line":35,"column":16},"end":{"line":35,"column":17}},"loc":{"start":{"line":35,"column":36},"end":{"line":45,"column":1}},"line":35},"2":{"name":"(anonymous_2)","decl":{"start":{"line":47,"column":22},"end":{"line":47,"column":23}},"loc":{"start":{"line":47,"column":42},"end":{"line":54,"column":1}},"line":47}},"branchMap":{"0":{"loc":{"start":{"line":12,"column":4},"end":{"line":14,"column":5}},"type":"if","locations":[{"start":{"line":12,"column":4},"end":{"line":14,"column":5}},{"start":{},"end":{}}],"line":12},"1":{"loc":{"start":{"line":38,"column":19},"end":{"line":38,"column":57}},"type":"cond-expr","locations":[{"start":{"line":38,"column":30},"end":{"line":38,"column":52}},{"start":{"line":38,"column":55},"end":{"line":38,"column":57}}],"line":38}},"s":{"0":7,"1":7,"2":7,"3":7,"4":7,"5":7,"6":0,"7":0,"8":0,"9":0,"10":0,"11":0,"12":0,"13":0,"14":0,"15":7,"16":2,"17":2,"18":2,"19":2,"20":2,"21":0,"22":7,"23":0,"24":0,"25":0,"26":0,"27":7},"f":{"0":0,"1":2,"2":0},"b":{"0":[0,0],"1":[0,2]},"_coverageSchema":"1a1c01bbd47fc00a2c39e90264f33305004495a9","hash":"75020078914394a6d5bcf7448ef5f9db5730a34a"}
,"C:\\Users\\shreenivasa\\Desktop\\InfraScale_Solutions\\InfraScale_Solutions\\backend\\routes\\teamRoutes.js": {"path":"C:\\Users\\shreenivasa\\Desktop\\InfraScale_Solutions\\InfraScale_Solutions\\backend\\routes\\teamRoutes.js","statementMap":{"0":{"start":{"line":1,"column":16},"end":{"line":1,"column":34}},"1":{"start":{"line":2,"column":15},"end":{"line":2,"column":31}},"2":{"start":{"line":3,"column":13},"end":{"line":3,"column":38}},"3":{"start":{"line":4,"column":13},"end":{"line":4,"column":42}},"4":{"start":{"line":5,"column":15},"end":{"line":5,"column":32}},"5":{"start":{"line":6,"column":20},"end":{"line":6,"column":51}},"6":{"start":{"line":9,"column":15},"end":{"line":9,"column":34}},"7":{"start":{"line":12,"column":0},"end":{"line":19,"column":3}},"8":{"start":{"line":13,"column":2},"end":{"line":18,"column":3}},"9":{"start":{"line":14,"column":20},"end":{"line":14,"column":37}},"10":{"start":{"line":15,"column":4},"end":{"line":15,"column":22}},"11":{"start":{"line":17,"column":4},"end":{"line":17,"column":61}},"12":{"start":{"line":22,"column":0},"end":{"line":30,"column":3}},"13":{"start":{"line":23,"column":2},"end":{"line":29,"column":3}},"14":{"start":{"line":24,"column":19},"end":{"line":24,"column":53}},"15":{"start":{"line":25,"column":4},"end":{"line":25,"column":78}},"16":{"start":{"line":25,"column":17},"end":{"line":25,"column":78}},"17":{"start":{"line":26,"column":4},"end":{"line":26,"column":21}},"18":{"start":{"line":28,"column":4},"end":{"line":28,"column":83}},"19":{"start":{"line":33,"column":0},"end":{"line":61,"column":3}},"20":{"start":{"line":34,"column":2},"end":{"line":60,"column":3}},"21":{"start":{"line":35,"column":79},"end":{"line":35,"column":87}},"22":{"start":{"line":37,"column":4},"end":{"line":39,"column":5}},"23":{"start":{"line":38,"column":6},"end":{"line":38,"column":92}},"24":{"start":{"line":41,"column":21},"end":{"line":41,"column":50}},"25":{"start":{"line":42,"column":4},"end":{"line":42,"column":84}},"26":{"start":{"line":42,"column":18},"end":{"line":42,"column":84}},"27":{"start":{"line":45,"column":21},"end":{"line":45,"column":50}},"28":{"start":{"line":47,"column":19},"end":{"line":55,"column":6}},"29":{"start":{"line":57,"column":4},"end":{"line":57,"column":33}},"30":{"start":{"line":59,"column":4},"end":{"line":59,"column":83}},"31":{"start":{"line":64,"column":0},"end":{"line":86,"column":3}},"32":{"start":{"line":65,"column":2},"end":{"line":85,"column":3}},"33":{"start":{"line":66,"column":79},"end":{"line":66,"column":87}},"34":{"start":{"line":68,"column":23},"end":{"line":68,"column":99}},"35":{"start":{"line":70,"column":4},"end":{"line":72,"column":5}},"36":{"start":{"line":71,"column":6},"end":{"line":71,"column":94}},"37":{"start":{"line":75,"column":4},"end":{"line":77,"column":5}},"38":{"start":{"line":76,"column":6},"end":{"line":76,"column":39}},"39":{"start":{"line":79,"column":19},"end":{"line":79,"column":89}},"40":{"start":{"line":80,"column":4},"end":{"line":80,"column":78}},"41":{"start":{"line":80,"column":17},"end":{"line":80,"column":78}},"42":{"start":{"line":82,"column":4},"end":{"line":82,"column":21}},"43":{"start":{"line":84,"column":4},"end":{"line":84,"column":83}},"44":{"start":{"line":89,"column":0},"end":{"line":97,"column":3}},"45":{"start":{"line":90,"column":2},"end":{"line":96,"column":3}},"46":{"start":{"line":91,"column":19},"end":{"line":91,"column":62}},"47":{"start":{"line":92,"column":4},"end":{"line":92,"column":78}},"48":{"start":{"line":92,"column":17},"end":{"line":92,"column":78}},"49":{"start":{"line":93,"column":4},"end":{"line":93,"column":44}},"50":{"start":{"line":95,"column":4},"end":{"line":95,"column":83}},"51":{"start":{"line":99,"column":0},"end":{"line":99,"column":24}}},"fnMap":{"0":{"name":"(anonymous_0)","decl":{"start":{"line":12,"column":16},"end":{"line":12,"column":17}},"loc":{"start":{"line":12,"column":36},"end":{"line":19,"column":1}},"line":12},"1":{"name":"(anonymous_1)","decl":{"start":{"line":22,"column":19},"end":{"line":22,"column":20}},"loc":{"start":{"line":22,"column":39},"end":{"line":30,"column":1}},"line":22},"2":{"name":"(anonymous_2)","decl":{"start":{"line":33,"column":47},"end":{"line":33,"column":48}},"loc":{"start":{"line":33,"column":67},"end":{"line":61,"column":1}},"line":33},"3":{"name":"(anonymous_3)","decl":{"start":{"line":64,"column":49},"end":{"line":64,"column":50}},"loc":{"start":{"line":64,"column":69},"end":{"line":86,"column":1}},"line":64},"4":{"name":"(anonymous_4)","decl":{"start":{"line":89,"column":28},"end":{"line":89,"column":29}},"loc":{"start":{"line":89,"column":48},"end":{"line":97,"column":1}},"line":89}},"branchMap":{"0":{"loc":{"start":{"line":25,"column":4},"end":{"line":25,"column":78}},"type":"if","locations":[{"start":{"line":25,"column":4},"end":{"line":25,"column":78}},{"start":{},"end":{}}],"line":25},"1":{"loc":{"start":{"line":37,"column":4},"end":{"line":39,"column":5}},"type":"if","locations":[{"start":{"line":37,"column":4},"end":{"line":39,"column":5}},{"start":{},"end":{}}],"line":37},"2":{"loc":{"start":{"line":37,"column":8},"end":{"line":37,"column":39}},"type":"binary-expr","locations":[{"start":{"line":37,"column":8},"end":{"line":37,"column":13}},{"start":{"line":37,"column":17},"end":{"line":37,"column":23}},{"start":{"line":37,"column":27},"end":{"line":37,"column":39}}],"line":37},"3":{"loc":{"start":{"line":42,"column":4},"end":{"line":42,"column":84}},"type":"if","locations":[{"start":{"line":42,"column":4},"end":{"line":42,"column":84}},{"start":{},"end":{}}],"line":42},"4":{"loc":{"start":{"line":45,"column":21},"end":{"line":45,"column":50}},"type":"cond-expr","locations":[{"start":{"line":45,"column":32},"end":{"line":45,"column":45}},{"start":{"line":45,"column":48},"end":{"line":45,"column":50}}],"line":45},"5":{"loc":{"start":{"line":53,"column":16},"end":{"line":53,"column":81}},"type":"cond-expr","locations":[{"start":{"line":53,"column":42},"end":{"line":53,"column":50}},{"start":{"line":53,"column":53},"end":{"line":53,"column":81}}],"line":53},"6":{"loc":{"start":{"line":53,"column":64},"end":{"line":53,"column":80}},"type":"binary-expr","locations":[{"start":{"line":53,"column":64},"end":{"line":53,"column":72}},{"start":{"line":53,"column":76},"end":{"line":53,"column":80}}],"line":53},"7":{"loc":{"start":{"line":70,"column":4},"end":{"line":72,"column":5}},"type":"if","locations":[{"start":{"line":70,"column":4},"end":{"line":72,"column":5}},{"start":{},"end":{}}],"line":70},"8":{"loc":{"start":{"line":71,"column":28},"end":{"line":71,"column":93}},"type":"cond-expr","locations":[{"start":{"line":71,"column":54},"end":{"line":71,"column":62}},{"start":{"line":71,"column":65},"end":{"line":71,"column":93}}],"line":71},"9":{"loc":{"start":{"line":71,"column":76},"end":{"line":71,"column":92}},"type":"binary-expr","locations":[{"start":{"line":71,"column":76},"end":{"line":71,"column":84}},{"start":{"line":71,"column":88},"end":{"line":71,"column":92}}],"line":71},"10":{"loc":{"start":{"line":75,"column":4},"end":{"line":77,"column":5}},"type":"if","locations":[{"start":{"line":75,"column":4},"end":{"line":77,"column":5}},{"start":{},"end":{}}],"line":75},"11":{"loc":{"start":{"line":80,"column":4},"end":{"line":80,"column":78}},"type":"if","locations":[{"start":{"line":80,"column":4},"end":{"line":80,"column":78}},{"start":{},"end":{}}],"line":80},"12":{"loc":{"start":{"line":92,"column":4},"end":{"line":92,"column":78}},"type":"if","locations":[{"start":{"line":92,"column":4},"end":{"line":92,"column":78}},{"start":{},"end":{}}],"line":92}},"s":{"0":7,"1":7,"2":7,"3":7,"4":7,"5":7,"6":7,"7":7,"8":2,"9":2,"10":2,"11":0,"12":7,"13":0,"14":0,"15":0,"16":0,"17":0,"18":0,"19":7,"20":0,"21":0,"22":0,"23":0,"24":0,"25":0,"26":0,"27":0,"28":0,"29":0,"30":0,"31":7,"32":0,"33":0,"34":0,"35":0,"36":0,"37":0,"38":0,"39":0,"40":0,"41":0,"42":0,"43":0,"44":7,"45":0,"46":0,"47":0,"48":0,"49":0,"50":0,"51":7},"f":{"0":2,"1":0,"2":0,"3":0,"4":0},"b":{"0":[0,0],"1":[0,0],"2":[0,0,0],"3":[0,0],"4":[0,0],"5":[0,0],"6":[0,0],"7":[0,0],"8":[0,0],"9":[0,0],"10":[0,0],"11":[0,0],"12":[0,0]},"_coverageSchema":"1a1c01bbd47fc00a2c39e90264f33305004495a9","hash":"fed7d2789b5c5e12cd6af17ed469eaa9b1a59bfc"}
}
