TN:
SF:index.js
FN:41,(anonymous_0)
FN:42,(anonymous_1)
FN:48,createDefaultAdmin
FN:78,(anonymous_3)
FNF:4
FNH:2
FNDA:7,(anonymous_0)
FNDA:0,(anonymous_1)
FNDA:7,createDefaultAdmin
FNDA:0,(anonymous_3)
DA:1,7
DA:2,7
DA:3,7
DA:4,7
DA:5,7
DA:6,7
DA:9,7
DA:12,7
DA:18,7
DA:27,7
DA:28,7
DA:31,7
DA:33,7
DA:34,0
DA:39,7
DA:40,7
DA:41,7
DA:42,0
DA:45,7
DA:46,7
DA:49,7
DA:50,7
DA:51,0
DA:52,0
DA:56,0
DA:59,7
DA:62,7
DA:63,7
DA:64,7
DA:65,7
DA:66,7
DA:67,7
DA:68,7
DA:69,7
DA:71,7
DA:74,7
DA:75,0
DA:76,0
DA:78,0
DA:79,0
DA:84,7
LF:41
LH:32
BRDA:33,0,0,0
BRDA:33,0,1,7
BRDA:39,1,0,7
BRDA:39,1,1,0
BRDA:42,2,0,0
BRDA:42,2,1,0
BRDA:42,3,0,0
BRDA:42,3,1,0
BRDA:50,4,0,0
BRDA:50,4,1,7
BRDA:74,5,0,0
BRDA:74,5,1,7
BRDA:75,6,0,0
BRDA:75,6,1,0
BRF:14
BRH:4
end_of_record
TN:
SF:config\cloudinary.js
FNF:0
FNH:0
DA:1,7
DA:3,7
DA:9,7
LF:3
LH:3
BRF:0
BRH:0
end_of_record
TN:
SF:controllers\AboutCompanyController.js
FN:4,(anonymous_0)
FN:19,(anonymous_1)
FNF:2
FNH:0
FNDA:0,(anonymous_0)
FNDA:0,(anonymous_1)
DA:1,7
DA:4,7
DA:5,0
DA:6,0
DA:8,0
DA:9,0
DA:12,0
DA:14,0
DA:19,7
DA:20,0
DA:21,0
DA:23,0
DA:24,0
DA:26,0
DA:33,0
DA:35,0
LF:16
LH:3
BRDA:8,0,0,0
BRDA:8,0,1,0
BRDA:23,1,0,0
BRDA:23,1,1,0
BRF:4
BRH:0
end_of_record
TN:
SF:controllers\MemberAuthController.js
FN:7,(anonymous_0)
FN:10,(anonymous_1)
FN:15,(anonymous_2)
FN:65,(anonymous_3)
FNF:4
FNH:3
FNDA:1,(anonymous_0)
FNDA:1,(anonymous_1)
FNDA:1,(anonymous_2)
FNDA:0,(anonymous_3)
DA:1,7
DA:2,7
DA:3,7
DA:4,7
DA:7,7
DA:8,1
DA:10,7
DA:11,1
DA:15,7
DA:16,1
DA:17,1
DA:19,1
DA:20,0
DA:22,1
DA:23,0
DA:25,1
DA:26,0
DA:29,1
DA:31,1
DA:32,0
DA:36,1
DA:38,1
DA:39,0
DA:41,1
DA:43,1
DA:53,1
DA:58,0
DA:59,0
DA:65,7
DA:66,0
DA:67,0
DA:69,0
DA:71,0
DA:72,0
DA:74,0
DA:76,0
DA:77,0
DA:79,0
DA:85,0
DA:91,0
DA:92,0
LF:41
LH:22
BRDA:11,0,0,1
BRDA:11,0,1,1
BRDA:19,1,0,0
BRDA:19,1,1,1
BRDA:19,2,0,1
BRDA:19,2,1,1
BRDA:22,3,0,0
BRDA:22,3,1,1
BRDA:25,4,0,0
BRDA:25,4,1,1
BRDA:31,5,0,0
BRDA:31,5,1,1
BRDA:38,6,0,0
BRDA:38,6,1,1
BRDA:38,7,0,1
BRDA:38,7,1,0
BRDA:71,8,0,0
BRDA:71,8,1,0
BRDA:71,9,0,0
BRDA:71,9,1,0
BRDA:76,10,0,0
BRDA:76,10,1,0
BRDA:81,11,0,0
BRDA:81,11,1,0
BRF:24
BRH:10
end_of_record
TN:
SF:controllers\MemberController.js
FN:6,(anonymous_0)
FN:25,(anonymous_1)
FNF:2
FNH:0
FNDA:0,(anonymous_0)
FNDA:0,(anonymous_1)
DA:1,7
DA:2,7
DA:6,7
DA:7,0
DA:8,0
DA:10,0
DA:11,0
DA:13,0
DA:15,0
DA:18,0
DA:19,0
DA:25,7
DA:26,0
DA:27,0
DA:29,0
DA:30,0
DA:32,0
DA:46,0
DA:49,0
DA:50,0
LF:20
LH:4
BRDA:10,0,0,0
BRDA:10,0,1,0
BRDA:10,1,0,0
BRDA:10,1,1,0
BRDA:29,2,0,0
BRDA:29,2,1,0
BRDA:29,3,0,0
BRDA:29,3,1,0
BRDA:39,4,0,0
BRDA:39,4,1,0
BRDA:40,5,0,0
BRDA:40,5,1,0
BRDA:41,6,0,0
BRDA:41,6,1,0
BRF:14
BRH:0
end_of_record
TN:
SF:controllers\detailedServiceController.js
FN:4,(anonymous_0)
FN:51,(anonymous_1)
FN:62,(anonymous_2)
FN:75,(anonymous_3)
FN:89,(anonymous_4)
FNF:5
FNH:0
FNDA:0,(anonymous_0)
FNDA:0,(anonymous_1)
FNDA:0,(anonymous_2)
FNDA:0,(anonymous_3)
FNDA:0,(anonymous_4)
DA:1,7
DA:4,7
DA:5,0
DA:17,0
DA:20,0
DA:21,0
DA:25,0
DA:26,0
DA:27,0
DA:30,0
DA:43,0
DA:45,0
DA:46,0
DA:51,7
DA:52,0
DA:53,0
DA:54,0
DA:56,0
DA:57,0
DA:62,7
DA:63,0
DA:64,0
DA:65,0
DA:66,0
DA:67,0
DA:69,0
DA:70,0
DA:75,7
DA:76,0
DA:77,0
DA:78,0
DA:79,0
DA:80,0
DA:81,0
DA:83,0
DA:84,0
DA:89,7
DA:90,0
DA:91,0
DA:92,0
DA:93,0
DA:94,0
DA:96,0
DA:97,0
LF:44
LH:6
BRDA:20,0,0,0
BRDA:20,0,1,0
BRDA:20,1,0,0
BRDA:20,1,1,0
BRDA:26,2,0,0
BRDA:26,2,1,0
BRDA:36,3,0,0
BRDA:36,3,1,0
BRDA:36,4,0,0
BRDA:36,4,1,0
BRDA:37,5,0,0
BRDA:37,5,1,0
BRDA:37,6,0,0
BRDA:37,6,1,0
BRDA:38,7,0,0
BRDA:38,7,1,0
BRDA:38,8,0,0
BRDA:38,8,1,0
BRDA:40,9,0,0
BRDA:40,9,1,0
BRDA:40,10,0,0
BRDA:40,10,1,0
BRDA:66,11,0,0
BRDA:66,11,1,0
BRDA:80,12,0,0
BRDA:80,12,1,0
BRDA:93,13,0,0
BRDA:93,13,1,0
BRF:28
BRH:0
end_of_record
TN:
SF:middleware\auth.js
FN:3,(anonymous_0)
FNF:1
FNH:0
FNDA:0,(anonymous_0)
DA:1,7
DA:3,7
DA:4,0
DA:6,0
DA:7,0
DA:9,0
DA:12,0
DA:13,0
DA:14,0
DA:18,0
DA:19,0
DA:22,0
DA:23,0
DA:25,0
DA:26,0
DA:27,0
DA:29,0
LF:17
LH:2
BRDA:7,0,0,0
BRDA:7,0,1,0
BRDA:12,1,0,0
BRDA:12,1,1,0
BRDA:18,2,0,0
BRDA:18,2,1,0
BRDA:26,3,0,0
BRDA:26,3,1,0
BRF:8
BRH:0
end_of_record
TN:
SF:models\AboutCompany.js
FNF:0
FNH:0
DA:1,7
DA:3,7
DA:13,7
LF:3
LH:3
BRF:0
BRH:0
end_of_record
TN:
SF:models\Admin.js
FNF:0
FNH:0
DA:1,7
DA:3,7
DA:8,7
LF:3
LH:3
BRF:0
BRH:0
end_of_record
TN:
SF:models\Contact.js
FNF:0
FNH:0
DA:1,7
DA:3,7
DA:12,7
LF:3
LH:3
BRF:0
BRH:0
end_of_record
TN:
SF:models\DetailedService.js
FNF:0
FNH:0
DA:1,7
DA:3,7
DA:8,7
DA:22,7
LF:4
LH:4
BRF:0
BRH:0
end_of_record
TN:
SF:models\Member.js
FNF:0
FNH:0
DA:1,7
DA:3,7
DA:27,7
LF:3
LH:3
BRF:0
BRH:0
end_of_record
TN:
SF:models\Service.js
FNF:0
FNH:0
DA:1,7
DA:3,7
DA:16,7
LF:3
LH:3
BRF:0
BRH:0
end_of_record
TN:
SF:models\Team.js
FNF:0
FNH:0
DA:1,7
DA:3,7
DA:23,7
LF:3
LH:3
BRF:0
BRH:0
end_of_record
TN:
SF:routes\MemberAuthRoutes.js
FNF:0
FNH:0
DA:1,7
DA:2,7
DA:4,7
DA:5,7
DA:7,7
LF:5
LH:5
BRF:0
BRH:0
end_of_record
TN:
SF:routes\aboutRoutes.js
FNF:0
FNH:0
DA:1,7
DA:2,7
DA:3,7
DA:6,7
DA:9,7
DA:11,7
LF:6
LH:6
BRF:0
BRH:0
end_of_record
TN:
SF:routes\adminRoutes.js
FN:8,(anonymous_0)
FN:41,(anonymous_1)
FNF:2
FNH:1
FNDA:3,(anonymous_0)
FNDA:0,(anonymous_1)
DA:1,7
DA:2,7
DA:3,7
DA:4,7
DA:5,7
DA:8,7
DA:9,3
DA:10,3
DA:13,3
DA:14,0
DA:17,3
DA:18,3
DA:19,0
DA:22,3
DA:23,3
DA:24,1
DA:27,2
DA:33,2
DA:35,0
DA:36,0
DA:41,7
DA:42,0
DA:43,0
DA:44,0
DA:46,0
DA:50,7
LF:26
LH:18
BRDA:13,0,0,0
BRDA:13,0,1,3
BRDA:13,1,0,3
BRDA:13,1,1,3
BRDA:18,2,0,0
BRDA:18,2,1,3
BRDA:23,3,0,1
BRDA:23,3,1,2
BRDA:29,4,0,2
BRDA:29,4,1,0
BRF:10
BRH:7
end_of_record
TN:
SF:routes\contactRoutes.js
FN:6,(anonymous_0)
FN:18,(anonymous_1)
FN:39,(anonymous_2)
FN:52,(anonymous_3)
FNF:4
FNH:2
FNDA:1,(anonymous_0)
FNDA:1,(anonymous_1)
FNDA:0,(anonymous_2)
FNDA:0,(anonymous_3)
DA:1,7
DA:2,7
DA:3,7
DA:6,7
DA:7,1
DA:8,1
DA:9,0
DA:11,1
DA:12,0
DA:14,1
DA:18,7
DA:19,1
DA:20,1
DA:22,1
DA:23,1
DA:24,0
DA:25,0
DA:28,1
DA:29,1
DA:30,1
DA:31,1
DA:33,0
DA:34,0
DA:39,7
DA:40,0
DA:41,0
DA:42,0
DA:43,0
DA:44,0
DA:46,0
DA:47,0
DA:52,7
DA:53,0
DA:54,0
DA:55,0
DA:56,0
DA:57,0
DA:58,0
DA:60,0
DA:61,0
DA:63,0
DA:64,0
DA:68,7
LF:43
LH:20
BRDA:8,0,0,0
BRDA:8,0,1,1
BRDA:8,1,0,1
BRDA:8,1,1,1
BRDA:8,1,2,1
BRDA:11,2,0,0
BRDA:11,2,1,1
BRDA:23,3,0,0
BRDA:23,3,1,1
BRDA:56,4,0,0
BRDA:56,4,1,0
BRF:11
BRH:6
end_of_record
TN:
SF:routes\detailedServiceRoutes.js
FNF:0
FNH:0
DA:1,7
DA:2,7
DA:3,7
DA:4,7
DA:5,7
DA:8,7
DA:11,7
DA:14,7
DA:21,7
DA:27,7
DA:30,7
DA:32,7
LF:12
LH:12
BRF:0
BRH:0
end_of_record
TN:
SF:routes\memberRoutes.js
FNF:0
FNH:0
DA:1,7
DA:2,7
DA:3,7
DA:8,7
DA:11,7
DA:12,7
DA:14,7
LF:7
LH:7
BRF:0
BRH:0
end_of_record
TN:
SF:routes\serviceRoutes.js
FN:10,(anonymous_0)
FN:35,(anonymous_1)
FN:47,(anonymous_2)
FNF:3
FNH:1
FNDA:0,(anonymous_0)
FNDA:2,(anonymous_1)
FNDA:0,(anonymous_2)
DA:1,7
DA:2,7
DA:3,7
DA:4,7
DA:7,7
DA:10,7
DA:11,0
DA:12,0
DA:13,0
DA:16,0
DA:18,0
DA:26,0
DA:27,0
DA:29,0
DA:30,0
DA:35,7
DA:36,2
DA:37,2
DA:38,2
DA:40,2
DA:41,2
DA:43,0
DA:47,7
DA:48,0
DA:49,0
DA:50,0
DA:52,0
DA:56,7
LF:28
LH:14
BRDA:12,0,0,0
BRDA:12,0,1,0
BRDA:38,1,0,0
BRDA:38,1,1,2
BRF:4
BRH:1
end_of_record
TN:
SF:routes\teamRoutes.js
FN:12,(anonymous_0)
FN:22,(anonymous_1)
FN:33,(anonymous_2)
FN:64,(anonymous_3)
FN:89,(anonymous_4)
FNF:5
FNH:1
FNDA:2,(anonymous_0)
FNDA:0,(anonymous_1)
FNDA:0,(anonymous_2)
FNDA:0,(anonymous_3)
FNDA:0,(anonymous_4)
DA:1,7
DA:2,7
DA:3,7
DA:4,7
DA:5,7
DA:6,7
DA:9,7
DA:12,7
DA:13,2
DA:14,2
DA:15,2
DA:17,0
DA:22,7
DA:23,0
DA:24,0
DA:25,0
DA:26,0
DA:28,0
DA:33,7
DA:34,0
DA:35,0
DA:37,0
DA:38,0
DA:41,0
DA:42,0
DA:45,0
DA:47,0
DA:57,0
DA:59,0
DA:64,7
DA:65,0
DA:66,0
DA:68,0
DA:70,0
DA:71,0
DA:75,0
DA:76,0
DA:79,0
DA:80,0
DA:82,0
DA:84,0
DA:89,7
DA:90,0
DA:91,0
DA:92,0
DA:93,0
DA:95,0
DA:99,7
LF:48
LH:16
BRDA:25,0,0,0
BRDA:25,0,1,0
BRDA:37,1,0,0
BRDA:37,1,1,0
BRDA:37,2,0,0
BRDA:37,2,1,0
BRDA:37,2,2,0
BRDA:42,3,0,0
BRDA:42,3,1,0
BRDA:45,4,0,0
BRDA:45,4,1,0
BRDA:53,5,0,0
BRDA:53,5,1,0
BRDA:53,6,0,0
BRDA:53,6,1,0
BRDA:70,7,0,0
BRDA:70,7,1,0
BRDA:71,8,0,0
BRDA:71,8,1,0
BRDA:71,9,0,0
BRDA:71,9,1,0
BRDA:75,10,0,0
BRDA:75,10,1,0
BRDA:80,11,0,0
BRDA:80,11,1,0
BRDA:92,12,0,0
BRDA:92,12,1,0
BRF:27
BRH:0
end_of_record
